15-May-2023 22:02:09.781 信息 [main] org.apache.catalina.startup.VersionLoggerListener.log Server.服务器版本: Apache Tomcat/9.0.35
15-May-2023 22:02:09.784 信息 [main] org.apache.catalina.startup.VersionLoggerListener.log 服务器构建:        May 5 2020 20:36:20 UTC
15-May-2023 22:02:09.784 信息 [main] org.apache.catalina.startup.VersionLoggerListener.log 服务器版本号(:     9.0.35.0
15-May-2023 22:02:09.784 信息 [main] org.apache.catalina.startup.VersionLoggerListener.log 操作系统名称:      Linux
15-May-2023 22:02:09.784 信息 [main] org.apache.catalina.startup.VersionLoggerListener.log OS.版本:           3.10.0-1160.el7.x86_64
15-May-2023 22:02:09.784 信息 [main] org.apache.catalina.startup.VersionLoggerListener.log 架构:              amd64
15-May-2023 22:02:09.784 信息 [main] org.apache.catalina.startup.VersionLoggerListener.log Java 环境变量:     /usr/lib/jvm/java-1.8.0-openjdk-1.8.0.262.b10-1.el7.x86_64/jre
15-May-2023 22:02:09.784 信息 [main] org.apache.catalina.startup.VersionLoggerListener.log Java虚拟机版本:    1.8.0_262-b10
15-May-2023 22:02:09.784 信息 [main] org.apache.catalina.startup.VersionLoggerListener.log JVM.供应商:        Oracle Corporation
15-May-2023 22:02:09.784 信息 [main] org.apache.catalina.startup.VersionLoggerListener.log CATALINA_BASE:     /usr/java/apache-tomcat-9.0.35/tomcat8082/apache-tomcat-9.0.35
15-May-2023 22:02:09.784 信息 [main] org.apache.catalina.startup.VersionLoggerListener.log CATALINA_HOME:     /usr/java/apache-tomcat-9.0.35/tomcat8082/apache-tomcat-9.0.35
15-May-2023 22:02:09.785 信息 [main] org.apache.catalina.startup.VersionLoggerListener.log 命令行参数：-Djava.util.logging.config.file=/usr/java/apache-tomcat-9.0.35/tomcat8082/apache-tomcat-9.0.35/conf/logging.properties
15-May-2023 22:02:09.785 信息 [main] org.apache.catalina.startup.VersionLoggerListener.log 命令行参数：-Djava.util.logging.manager=org.apache.juli.ClassLoaderLogManager
15-May-2023 22:02:09.785 信息 [main] org.apache.catalina.startup.VersionLoggerListener.log 命令行参数：-Djdk.tls.ephemeralDHKeySize=2048
15-May-2023 22:02:09.785 信息 [main] org.apache.catalina.startup.VersionLoggerListener.log 命令行参数：-Djava.protocol.handler.pkgs=org.apache.catalina.webresources
15-May-2023 22:02:09.785 信息 [main] org.apache.catalina.startup.VersionLoggerListener.log 命令行参数：-Dorg.apache.catalina.security.SecurityListener.UMASK=0027
15-May-2023 22:02:09.785 信息 [main] org.apache.catalina.startup.VersionLoggerListener.log 命令行参数：-Dignore.endorsed.dirs=
15-May-2023 22:02:09.785 信息 [main] org.apache.catalina.startup.VersionLoggerListener.log 命令行参数：-Dcatalina.base=/usr/java/apache-tomcat-9.0.35/tomcat8082/apache-tomcat-9.0.35
15-May-2023 22:02:09.785 信息 [main] org.apache.catalina.startup.VersionLoggerListener.log 命令行参数：-Dcatalina.home=/usr/java/apache-tomcat-9.0.35/tomcat8082/apache-tomcat-9.0.35
15-May-2023 22:02:09.785 信息 [main] org.apache.catalina.startup.VersionLoggerListener.log 命令行参数：-Djava.io.tmpdir=/usr/java/apache-tomcat-9.0.35/tomcat8082/apache-tomcat-9.0.35/temp
15-May-2023 22:02:09.786 信息 [main] org.apache.catalina.core.AprLifecycleListener.lifecycleEvent 在java.library.path:[/usr/java/packages/lib/amd64:/usr/lib64:/lib64:/lib:/usr/lib]上找不到基于APR的Apache Tomcat本机库，该库允许在生产环境中获得最佳性能
15-May-2023 22:02:09.960 信息 [main] org.apache.coyote.AbstractProtocol.init 初始化协议处理器 ["http-nio-8082"]
15-May-2023 22:02:09.977 信息 [main] org.apache.catalina.startup.Catalina.load 服务器在[306]毫秒内初始化
15-May-2023 22:02:09.997 信息 [main] org.apache.catalina.core.StandardService.startInternal 正在启动服务[Catalina]
15-May-2023 22:02:09.997 信息 [main] org.apache.catalina.core.StandardEngine.startInternal 正在启动 Servlet 引擎：[Apache Tomcat/9.0.35]
15-May-2023 22:02:10.001 信息 [main] org.apache.catalina.startup.HostConfig.deployDirectory 把web 应用程序部署到目录 [/usr/java/apache-tomcat-9.0.35/tomcat8082/apache-tomcat-9.0.35/webapps/ROOT]
15-May-2023 22:02:10.134 信息 [main] org.apache.catalina.startup.HostConfig.deployDirectory Web应用程序目录[/usr/java/apache-tomcat-9.0.35/tomcat8082/apache-tomcat-9.0.35/webapps/ROOT]的部署已在[133]毫秒内完成
15-May-2023 22:02:10.134 信息 [main] org.apache.catalina.startup.HostConfig.deployDirectory 把web 应用程序部署到目录 [/usr/java/apache-tomcat-9.0.35/tomcat8082/apache-tomcat-9.0.35/webapps/docs]
15-May-2023 22:02:10.144 信息 [main] org.apache.catalina.startup.HostConfig.deployDirectory Web应用程序目录[/usr/java/apache-tomcat-9.0.35/tomcat8082/apache-tomcat-9.0.35/webapps/docs]的部署已在[9]毫秒内完成
15-May-2023 22:02:10.144 信息 [main] org.apache.catalina.startup.HostConfig.deployDirectory 把web 应用程序部署到目录 [/usr/java/apache-tomcat-9.0.35/tomcat8082/apache-tomcat-9.0.35/webapps/examples]
15-May-2023 22:02:10.267 信息 [main] org.apache.catalina.startup.HostConfig.deployDirectory Web应用程序目录[/usr/java/apache-tomcat-9.0.35/tomcat8082/apache-tomcat-9.0.35/webapps/examples]的部署已在[123]毫秒内完成
15-May-2023 22:02:10.268 信息 [main] org.apache.catalina.startup.HostConfig.deployDirectory 把web 应用程序部署到目录 [/usr/java/apache-tomcat-9.0.35/tomcat8082/apache-tomcat-9.0.35/webapps/host-manager]
15-May-2023 22:02:10.283 信息 [main] org.apache.catalina.startup.HostConfig.deployDirectory Web应用程序目录[/usr/java/apache-tomcat-9.0.35/tomcat8082/apache-tomcat-9.0.35/webapps/host-manager]的部署已在[15]毫秒内完成
15-May-2023 22:02:10.283 信息 [main] org.apache.catalina.startup.HostConfig.deployDirectory 把web 应用程序部署到目录 [/usr/java/apache-tomcat-9.0.35/tomcat8082/apache-tomcat-9.0.35/webapps/manager]
15-May-2023 22:02:10.296 信息 [main] org.apache.catalina.startup.HostConfig.deployDirectory Web应用程序目录[/usr/java/apache-tomcat-9.0.35/tomcat8082/apache-tomcat-9.0.35/webapps/manager]的部署已在[12]毫秒内完成
15-May-2023 22:02:10.296 信息 [main] org.apache.catalina.startup.HostConfig.deployDirectory 把web 应用程序部署到目录 [/usr/java/apache-tomcat-9.0.35/tomcat8082/apache-tomcat-9.0.35/webapps/edu]
15-May-2023 22:02:10.310 信息 [main] org.apache.catalina.startup.HostConfig.deployDirectory Web应用程序目录[/usr/java/apache-tomcat-9.0.35/tomcat8082/apache-tomcat-9.0.35/webapps/edu]的部署已在[13]毫秒内完成
15-May-2023 22:02:10.312 信息 [main] org.apache.coyote.AbstractProtocol.start 开始协议处理句柄["http-nio-8082"]
15-May-2023 22:02:10.318 信息 [main] org.apache.catalina.startup.Catalina.start [340]毫秒后服务器启动
15-May-2023 22:37:58.741 信息 [main] org.apache.catalina.startup.VersionLoggerListener.log Server.服务器版本: Apache Tomcat/9.0.35
15-May-2023 22:37:58.745 信息 [main] org.apache.catalina.startup.VersionLoggerListener.log 服务器构建:        May 5 2020 20:36:20 UTC
15-May-2023 22:37:58.745 信息 [main] org.apache.catalina.startup.VersionLoggerListener.log 服务器版本号(:     9.0.35.0
15-May-2023 22:37:58.745 信息 [main] org.apache.catalina.startup.VersionLoggerListener.log 操作系统名称:      Linux
15-May-2023 22:37:58.745 信息 [main] org.apache.catalina.startup.VersionLoggerListener.log OS.版本:           3.10.0-1160.el7.x86_64
15-May-2023 22:37:58.745 信息 [main] org.apache.catalina.startup.VersionLoggerListener.log 架构:              amd64
15-May-2023 22:37:58.745 信息 [main] org.apache.catalina.startup.VersionLoggerListener.log Java 环境变量:     /usr/lib/jvm/java-1.8.0-openjdk-1.8.0.262.b10-1.el7.x86_64/jre
15-May-2023 22:37:58.745 信息 [main] org.apache.catalina.startup.VersionLoggerListener.log Java虚拟机版本:    1.8.0_262-b10
15-May-2023 22:37:58.745 信息 [main] org.apache.catalina.startup.VersionLoggerListener.log JVM.供应商:        Oracle Corporation
15-May-2023 22:37:58.745 信息 [main] org.apache.catalina.startup.VersionLoggerListener.log CATALINA_BASE:     /usr/java/apache-tomcat-9.0.35/tomcat8082/apache-tomcat-9.0.35
15-May-2023 22:37:58.746 信息 [main] org.apache.catalina.startup.VersionLoggerListener.log CATALINA_HOME:     /usr/java/apache-tomcat-9.0.35/tomcat8082/apache-tomcat-9.0.35
15-May-2023 22:37:58.746 信息 [main] org.apache.catalina.startup.VersionLoggerListener.log 命令行参数：-Djava.util.logging.config.file=/usr/java/apache-tomcat-9.0.35/tomcat8082/apache-tomcat-9.0.35/conf/logging.properties
15-May-2023 22:37:58.746 信息 [main] org.apache.catalina.startup.VersionLoggerListener.log 命令行参数：-Djava.util.logging.manager=org.apache.juli.ClassLoaderLogManager
15-May-2023 22:37:58.746 信息 [main] org.apache.catalina.startup.VersionLoggerListener.log 命令行参数：-Djdk.tls.ephemeralDHKeySize=2048
15-May-2023 22:37:58.746 信息 [main] org.apache.catalina.startup.VersionLoggerListener.log 命令行参数：-Djava.protocol.handler.pkgs=org.apache.catalina.webresources
15-May-2023 22:37:58.746 信息 [main] org.apache.catalina.startup.VersionLoggerListener.log 命令行参数：-Dorg.apache.catalina.security.SecurityListener.UMASK=0027
15-May-2023 22:37:58.746 信息 [main] org.apache.catalina.startup.VersionLoggerListener.log 命令行参数：-Dignore.endorsed.dirs=
15-May-2023 22:37:58.746 信息 [main] org.apache.catalina.startup.VersionLoggerListener.log 命令行参数：-Dcatalina.base=/usr/java/apache-tomcat-9.0.35/tomcat8082/apache-tomcat-9.0.35
15-May-2023 22:37:58.746 信息 [main] org.apache.catalina.startup.VersionLoggerListener.log 命令行参数：-Dcatalina.home=/usr/java/apache-tomcat-9.0.35/tomcat8082/apache-tomcat-9.0.35
15-May-2023 22:37:58.747 信息 [main] org.apache.catalina.startup.VersionLoggerListener.log 命令行参数：-Djava.io.tmpdir=/usr/java/apache-tomcat-9.0.35/tomcat8082/apache-tomcat-9.0.35/temp
15-May-2023 22:37:58.747 信息 [main] org.apache.catalina.core.AprLifecycleListener.lifecycleEvent 在java.library.path:[/usr/java/packages/lib/amd64:/usr/lib64:/lib64:/lib:/usr/lib]上找不到基于APR的Apache Tomcat本机库，该库允许在生产环境中获得最佳性能
15-May-2023 22:37:58.995 信息 [main] org.apache.coyote.AbstractProtocol.init 初始化协议处理器 ["http-nio-8082"]
15-May-2023 22:37:59.025 信息 [main] org.apache.catalina.startup.Catalina.load 服务器在[747]毫秒内初始化
15-May-2023 22:37:59.113 信息 [main] org.apache.catalina.core.StandardService.startInternal 正在启动服务[Catalina]
15-May-2023 22:37:59.113 信息 [main] org.apache.catalina.core.StandardEngine.startInternal 正在启动 Servlet 引擎：[Apache Tomcat/9.0.35]
15-May-2023 22:37:59.120 信息 [main] org.apache.catalina.startup.HostConfig.deployDirectory 把web 应用程序部署到目录 [/usr/java/apache-tomcat-9.0.35/tomcat8082/apache-tomcat-9.0.35/webapps/ROOT]
15-May-2023 22:37:59.493 信息 [main] org.apache.catalina.startup.HostConfig.deployDirectory Web应用程序目录[/usr/java/apache-tomcat-9.0.35/tomcat8082/apache-tomcat-9.0.35/webapps/ROOT]的部署已在[374]毫秒内完成
15-May-2023 22:37:59.493 信息 [main] org.apache.catalina.startup.HostConfig.deployDirectory 把web 应用程序部署到目录 [/usr/java/apache-tomcat-9.0.35/tomcat8082/apache-tomcat-9.0.35/webapps/docs]
15-May-2023 22:37:59.516 信息 [main] org.apache.catalina.startup.HostConfig.deployDirectory Web应用程序目录[/usr/java/apache-tomcat-9.0.35/tomcat8082/apache-tomcat-9.0.35/webapps/docs]的部署已在[23]毫秒内完成
15-May-2023 22:37:59.516 信息 [main] org.apache.catalina.startup.HostConfig.deployDirectory 把web 应用程序部署到目录 [/usr/java/apache-tomcat-9.0.35/tomcat8082/apache-tomcat-9.0.35/webapps/examples]
15-May-2023 22:37:59.735 信息 [main] org.apache.catalina.startup.HostConfig.deployDirectory Web应用程序目录[/usr/java/apache-tomcat-9.0.35/tomcat8082/apache-tomcat-9.0.35/webapps/examples]的部署已在[219]毫秒内完成
15-May-2023 22:37:59.736 信息 [main] org.apache.catalina.startup.HostConfig.deployDirectory 把web 应用程序部署到目录 [/usr/java/apache-tomcat-9.0.35/tomcat8082/apache-tomcat-9.0.35/webapps/host-manager]
15-May-2023 22:37:59.769 信息 [main] org.apache.catalina.startup.HostConfig.deployDirectory Web应用程序目录[/usr/java/apache-tomcat-9.0.35/tomcat8082/apache-tomcat-9.0.35/webapps/host-manager]的部署已在[32]毫秒内完成
15-May-2023 22:37:59.769 信息 [main] org.apache.catalina.startup.HostConfig.deployDirectory 把web 应用程序部署到目录 [/usr/java/apache-tomcat-9.0.35/tomcat8082/apache-tomcat-9.0.35/webapps/manager]
15-May-2023 22:37:59.795 信息 [main] org.apache.catalina.startup.HostConfig.deployDirectory Web应用程序目录[/usr/java/apache-tomcat-9.0.35/tomcat8082/apache-tomcat-9.0.35/webapps/manager]的部署已在[26]毫秒内完成
15-May-2023 22:37:59.795 信息 [main] org.apache.catalina.startup.HostConfig.deployDirectory 把web 应用程序部署到目录 [/usr/java/apache-tomcat-9.0.35/tomcat8082/apache-tomcat-9.0.35/webapps/edu]
15-May-2023 22:37:59.820 信息 [main] org.apache.catalina.startup.HostConfig.deployDirectory Web应用程序目录[/usr/java/apache-tomcat-9.0.35/tomcat8082/apache-tomcat-9.0.35/webapps/edu]的部署已在[25]毫秒内完成
15-May-2023 22:37:59.822 信息 [main] org.apache.coyote.AbstractProtocol.start 开始协议处理句柄["http-nio-8082"]
15-May-2023 22:37:59.841 信息 [main] org.apache.catalina.startup.Catalina.start [815]毫秒后服务器启动
15-May-2023 23:02:41.449 信息 [main] org.apache.catalina.startup.VersionLoggerListener.log Server.服务器版本: Apache Tomcat/9.0.35
15-May-2023 23:02:41.452 信息 [main] org.apache.catalina.startup.VersionLoggerListener.log 服务器构建:        May 5 2020 20:36:20 UTC
15-May-2023 23:02:41.452 信息 [main] org.apache.catalina.startup.VersionLoggerListener.log 服务器版本号(:     9.0.35.0
15-May-2023 23:02:41.452 信息 [main] org.apache.catalina.startup.VersionLoggerListener.log 操作系统名称:      Linux
15-May-2023 23:02:41.452 信息 [main] org.apache.catalina.startup.VersionLoggerListener.log OS.版本:           3.10.0-1160.el7.x86_64
15-May-2023 23:02:41.452 信息 [main] org.apache.catalina.startup.VersionLoggerListener.log 架构:              amd64
15-May-2023 23:02:41.453 信息 [main] org.apache.catalina.startup.VersionLoggerListener.log Java 环境变量:     /usr/lib/jvm/java-1.8.0-openjdk-1.8.0.262.b10-1.el7.x86_64/jre
15-May-2023 23:02:41.453 信息 [main] org.apache.catalina.startup.VersionLoggerListener.log Java虚拟机版本:    1.8.0_262-b10
15-May-2023 23:02:41.453 信息 [main] org.apache.catalina.startup.VersionLoggerListener.log JVM.供应商:        Oracle Corporation
15-May-2023 23:02:41.453 信息 [main] org.apache.catalina.startup.VersionLoggerListener.log CATALINA_BASE:     /usr/java/apache-tomcat-9.0.35/tomcat8082/apache-tomcat-9.0.35
15-May-2023 23:02:41.453 信息 [main] org.apache.catalina.startup.VersionLoggerListener.log CATALINA_HOME:     /usr/java/apache-tomcat-9.0.35/tomcat8082/apache-tomcat-9.0.35
15-May-2023 23:02:41.455 信息 [main] org.apache.catalina.startup.VersionLoggerListener.log 命令行参数：-Djava.util.logging.config.file=/usr/java/apache-tomcat-9.0.35/tomcat8082/apache-tomcat-9.0.35/conf/logging.properties
15-May-2023 23:02:41.455 信息 [main] org.apache.catalina.startup.VersionLoggerListener.log 命令行参数：-Djava.util.logging.manager=org.apache.juli.ClassLoaderLogManager
15-May-2023 23:02:41.455 信息 [main] org.apache.catalina.startup.VersionLoggerListener.log 命令行参数：-Djdk.tls.ephemeralDHKeySize=2048
15-May-2023 23:02:41.455 信息 [main] org.apache.catalina.startup.VersionLoggerListener.log 命令行参数：-Djava.protocol.handler.pkgs=org.apache.catalina.webresources
15-May-2023 23:02:41.455 信息 [main] org.apache.catalina.startup.VersionLoggerListener.log 命令行参数：-Dorg.apache.catalina.security.SecurityListener.UMASK=0027
15-May-2023 23:02:41.455 信息 [main] org.apache.catalina.startup.VersionLoggerListener.log 命令行参数：-Dignore.endorsed.dirs=
15-May-2023 23:02:41.455 信息 [main] org.apache.catalina.startup.VersionLoggerListener.log 命令行参数：-Dcatalina.base=/usr/java/apache-tomcat-9.0.35/tomcat8082/apache-tomcat-9.0.35
15-May-2023 23:02:41.455 信息 [main] org.apache.catalina.startup.VersionLoggerListener.log 命令行参数：-Dcatalina.home=/usr/java/apache-tomcat-9.0.35/tomcat8082/apache-tomcat-9.0.35
15-May-2023 23:02:41.455 信息 [main] org.apache.catalina.startup.VersionLoggerListener.log 命令行参数：-Djava.io.tmpdir=/usr/java/apache-tomcat-9.0.35/tomcat8082/apache-tomcat-9.0.35/temp
15-May-2023 23:02:41.455 信息 [main] org.apache.catalina.core.AprLifecycleListener.lifecycleEvent 在java.library.path:[/usr/java/packages/lib/amd64:/usr/lib64:/lib64:/lib:/usr/lib]上找不到基于APR的Apache Tomcat本机库，该库允许在生产环境中获得最佳性能
15-May-2023 23:02:41.709 信息 [main] org.apache.coyote.AbstractProtocol.init 初始化协议处理器 ["http-nio-8082"]
15-May-2023 23:02:41.723 严重 [main] org.apache.catalina.util.LifecycleBase.handleSubClassException 初始化组件[Connector[HTTP/1.1-8082]]失败。
	org.apache.catalina.LifecycleException: 协议处理程序初始化失败
		at org.apache.catalina.connector.Connector.initInternal(Connector.java:1033)
		at org.apache.catalina.util.LifecycleBase.init(LifecycleBase.java:136)
		at org.apache.catalina.core.StandardService.initInternal(StandardService.java:533)
		at org.apache.catalina.util.LifecycleBase.init(LifecycleBase.java:136)
		at org.apache.catalina.core.StandardServer.initInternal(StandardServer.java:1057)
		at org.apache.catalina.util.LifecycleBase.init(LifecycleBase.java:136)
		at org.apache.catalina.startup.Catalina.load(Catalina.java:584)
		at org.apache.catalina.startup.Catalina.load(Catalina.java:607)
		at sun.reflect.NativeMethodAccessorImpl.invoke0(Native Method)
		at sun.reflect.NativeMethodAccessorImpl.invoke(NativeMethodAccessorImpl.java:62)
		at sun.reflect.DelegatingMethodAccessorImpl.invoke(DelegatingMethodAccessorImpl.java:43)
		at java.lang.reflect.Method.invoke(Method.java:498)
		at org.apache.catalina.startup.Bootstrap.load(Bootstrap.java:303)
		at org.apache.catalina.startup.Bootstrap.main(Bootstrap.java:473)
	Caused by: java.net.BindException: 地址已在使用
		at sun.nio.ch.Net.bind0(Native Method)
		at sun.nio.ch.Net.bind(Net.java:433)
		at sun.nio.ch.Net.bind(Net.java:425)
		at sun.nio.ch.ServerSocketChannelImpl.bind(ServerSocketChannelImpl.java:220)
		at sun.nio.ch.ServerSocketAdaptor.bind(ServerSocketAdaptor.java:85)
		at org.apache.tomcat.util.net.NioEndpoint.initServerSocket(NioEndpoint.java:228)
		at org.apache.tomcat.util.net.NioEndpoint.bind(NioEndpoint.java:211)
		at org.apache.tomcat.util.net.AbstractEndpoint.bindWithCleanup(AbstractEndpoint.java:1141)
		at org.apache.tomcat.util.net.AbstractEndpoint.init(AbstractEndpoint.java:1154)
		at org.apache.coyote.AbstractProtocol.init(AbstractProtocol.java:581)
		at org.apache.coyote.http11.AbstractHttp11Protocol.init(AbstractHttp11Protocol.java:74)
		at org.apache.catalina.connector.Connector.initInternal(Connector.java:1030)
		... 13 more
15-May-2023 23:02:41.733 信息 [main] org.apache.coyote.AbstractProtocol.init 初始化协议处理器 ["ajp-nio-0:0:0:0:0:0:0:1-9001"]
15-May-2023 23:02:41.761 信息 [main] org.apache.catalina.startup.Catalina.load 服务器在[474]毫秒内初始化
15-May-2023 23:02:41.781 信息 [main] org.apache.catalina.core.StandardService.startInternal 正在启动服务[Catalina]
15-May-2023 23:02:41.781 信息 [main] org.apache.catalina.core.StandardEngine.startInternal 正在启动 Servlet 引擎：[Apache Tomcat/9.0.35]
15-May-2023 23:02:41.788 信息 [main] org.apache.catalina.startup.HostConfig.deployDirectory 把web 应用程序部署到目录 [/usr/java/apache-tomcat-9.0.35/tomcat8082/apache-tomcat-9.0.35/webapps/ROOT]
15-May-2023 23:02:41.959 信息 [main] org.apache.catalina.startup.HostConfig.deployDirectory Web应用程序目录[/usr/java/apache-tomcat-9.0.35/tomcat8082/apache-tomcat-9.0.35/webapps/ROOT]的部署已在[171]毫秒内完成
15-May-2023 23:02:41.959 信息 [main] org.apache.catalina.startup.HostConfig.deployDirectory 把web 应用程序部署到目录 [/usr/java/apache-tomcat-9.0.35/tomcat8082/apache-tomcat-9.0.35/webapps/docs]
15-May-2023 23:02:41.973 信息 [main] org.apache.catalina.startup.HostConfig.deployDirectory Web应用程序目录[/usr/java/apache-tomcat-9.0.35/tomcat8082/apache-tomcat-9.0.35/webapps/docs]的部署已在[14]毫秒内完成
15-May-2023 23:02:41.973 信息 [main] org.apache.catalina.startup.HostConfig.deployDirectory 把web 应用程序部署到目录 [/usr/java/apache-tomcat-9.0.35/tomcat8082/apache-tomcat-9.0.35/webapps/examples]
15-May-2023 23:02:42.165 信息 [main] org.apache.catalina.startup.HostConfig.deployDirectory Web应用程序目录[/usr/java/apache-tomcat-9.0.35/tomcat8082/apache-tomcat-9.0.35/webapps/examples]的部署已在[192]毫秒内完成
15-May-2023 23:02:42.165 信息 [main] org.apache.catalina.startup.HostConfig.deployDirectory 把web 应用程序部署到目录 [/usr/java/apache-tomcat-9.0.35/tomcat8082/apache-tomcat-9.0.35/webapps/host-manager]
15-May-2023 23:02:42.198 信息 [main] org.apache.catalina.startup.HostConfig.deployDirectory Web应用程序目录[/usr/java/apache-tomcat-9.0.35/tomcat8082/apache-tomcat-9.0.35/webapps/host-manager]的部署已在[33]毫秒内完成
15-May-2023 23:02:42.199 信息 [main] org.apache.catalina.startup.HostConfig.deployDirectory 把web 应用程序部署到目录 [/usr/java/apache-tomcat-9.0.35/tomcat8082/apache-tomcat-9.0.35/webapps/manager]
15-May-2023 23:02:42.227 信息 [main] org.apache.catalina.startup.HostConfig.deployDirectory Web应用程序目录[/usr/java/apache-tomcat-9.0.35/tomcat8082/apache-tomcat-9.0.35/webapps/manager]的部署已在[28]毫秒内完成
15-May-2023 23:02:42.227 信息 [main] org.apache.catalina.startup.HostConfig.deployDirectory 把web 应用程序部署到目录 [/usr/java/apache-tomcat-9.0.35/tomcat8082/apache-tomcat-9.0.35/webapps/edu]
15-May-2023 23:02:42.258 信息 [main] org.apache.catalina.startup.HostConfig.deployDirectory Web应用程序目录[/usr/java/apache-tomcat-9.0.35/tomcat8082/apache-tomcat-9.0.35/webapps/edu]的部署已在[31]毫秒内完成
15-May-2023 23:02:42.263 严重 [main] org.apache.catalina.util.LifecycleBase.handleSubClassException 无法启动组件[Connector[AJP/1.3-9001]]
	org.apache.catalina.LifecycleException: 协议处理器启动失败
		at org.apache.catalina.connector.Connector.startInternal(Connector.java:1058)
		at org.apache.catalina.util.LifecycleBase.start(LifecycleBase.java:183)
		at org.apache.catalina.core.StandardService.startInternal(StandardService.java:438)
		at org.apache.catalina.util.LifecycleBase.start(LifecycleBase.java:183)
		at org.apache.catalina.core.StandardServer.startInternal(StandardServer.java:930)
		at org.apache.catalina.util.LifecycleBase.start(LifecycleBase.java:183)
		at org.apache.catalina.startup.Catalina.start(Catalina.java:633)
		at sun.reflect.NativeMethodAccessorImpl.invoke0(Native Method)
		at sun.reflect.NativeMethodAccessorImpl.invoke(NativeMethodAccessorImpl.java:62)
		at sun.reflect.DelegatingMethodAccessorImpl.invoke(DelegatingMethodAccessorImpl.java:43)
		at java.lang.reflect.Method.invoke(Method.java:498)
		at org.apache.catalina.startup.Bootstrap.start(Bootstrap.java:343)
		at org.apache.catalina.startup.Bootstrap.main(Bootstrap.java:474)
	Caused by: java.lang.IllegalArgumentException: AJP连接器配置secretRequired="true",但是属性secret确实空或者空字符串，这样的组合是无效的。
		at org.apache.coyote.ajp.AbstractAjpProtocol.start(AbstractAjpProtocol.java:270)
		at org.apache.catalina.connector.Connector.startInternal(Connector.java:1055)
		... 12 more
15-May-2023 23:02:42.264 信息 [main] org.apache.catalina.startup.Catalina.start [502]毫秒后服务器启动
15-May-2023 23:02:42.267 严重 [main] org.apache.catalina.core.StandardServer.await 无法在地址[localhost]和端口[8091]上创建服务器关闭套接字（基本端口[8091]和偏移量[0]）
	java.net.BindException: 地址已在使用 (Bind failed)
		at java.net.PlainSocketImpl.socketBind(Native Method)
		at java.net.AbstractPlainSocketImpl.bind(AbstractPlainSocketImpl.java:387)
		at java.net.ServerSocket.bind(ServerSocket.java:390)
		at java.net.ServerSocket.<init>(ServerSocket.java:252)
		at org.apache.catalina.core.StandardServer.await(StandardServer.java:584)
		at org.apache.catalina.startup.Catalina.await(Catalina.java:721)
		at org.apache.catalina.startup.Catalina.start(Catalina.java:667)
		at sun.reflect.NativeMethodAccessorImpl.invoke0(Native Method)
		at sun.reflect.NativeMethodAccessorImpl.invoke(NativeMethodAccessorImpl.java:62)
		at sun.reflect.DelegatingMethodAccessorImpl.invoke(DelegatingMethodAccessorImpl.java:43)
		at java.lang.reflect.Method.invoke(Method.java:498)
		at org.apache.catalina.startup.Bootstrap.start(Bootstrap.java:343)
		at org.apache.catalina.startup.Bootstrap.main(Bootstrap.java:474)
15-May-2023 23:02:42.268 信息 [main] org.apache.coyote.AbstractProtocol.pause 暂停ProtocolHandler["http-nio-8082"]
15-May-2023 23:02:42.268 信息 [main] org.apache.coyote.AbstractProtocol.pause 暂停ProtocolHandler["ajp-nio-0:0:0:0:0:0:0:1-9001"]
15-May-2023 23:02:42.268 信息 [main] org.apache.catalina.core.StandardService.stopInternal 正在停止服务[Catalina]
15-May-2023 23:02:42.291 信息 [main] org.apache.coyote.AbstractProtocol.stop 正在停止ProtocolHandler ["http-nio-8082"]
15-May-2023 23:02:42.291 信息 [main] org.apache.coyote.AbstractProtocol.destroy 正在摧毁协议处理器 ["http-nio-8082"]
15-May-2023 23:02:42.292 信息 [main] org.apache.coyote.AbstractProtocol.stop 正在停止ProtocolHandler ["ajp-nio-0:0:0:0:0:0:0:1-9001"]
15-May-2023 23:02:42.292 信息 [main] org.apache.coyote.AbstractProtocol.destroy 正在摧毁协议处理器 ["ajp-nio-0:0:0:0:0:0:0:1-9001"]
15-May-2023 23:21:50.890 信息 [Thread-4] org.apache.coyote.AbstractProtocol.pause 暂停ProtocolHandler["http-nio-8082"]
15-May-2023 23:21:50.914 信息 [Thread-4] org.apache.catalina.core.StandardService.stopInternal 正在停止服务[Catalina]
15-May-2023 23:21:50.958 信息 [Thread-4] org.apache.coyote.AbstractProtocol.stop 正在停止ProtocolHandler ["http-nio-8082"]
15-May-2023 23:21:50.964 信息 [Thread-4] org.apache.coyote.AbstractProtocol.destroy 正在摧毁协议处理器 ["http-nio-8082"]
